#-----------------------------------------------------------
# Vivado v2017.4 (64-bit)
# SW Build 2086221 on Fri Dec 15 20:55:39 MST 2017
# IP Build 2085800 on Fri Dec 15 22:25:07 MST 2017
# Start of session at: Wed Nov 20 21:16:14 2019
# Process ID: 1856
# Current directory: D:/FPGA/vivadoproject/PL_part
# Command line: vivado.exe -gui_launcher_event rodinguilauncherevent3872 D:\FPGA\vivadoproject\PL_part\PL_part.xpr
# Log file: D:/FPGA/vivadoproject/PL_part/vivado.log
# Journal file: D:/FPGA/vivadoproject/PL_part\vivado.jou
#-----------------------------------------------------------
start_gui
open_project D:/FPGA/vivadoproject/PL_part/PL_part.xpr
Scanning sources...
Finished scanning sources
INFO: [IP_Flow 19-234] Refreshing IP repositories
INFO: [IP_Flow 19-1704] No user IP repositories specified
INFO: [IP_Flow 19-2313] Loaded Vivado IP repository 'D:/FPGA/vivado1/Vivado/2017.4/data/ip'.
open_project: Time (s): cpu = 00:00:16 ; elapsed = 00:00:08 . Memory (MB): peak = 774.672 ; gain = 71.969
update_compile_order -fileset sources_1
close_project
create_project PL_time D:/FPGA/vivadoproject/PL_time -part xc7z020clg400-2
INFO: [IP_Flow 19-234] Refreshing IP repositories
INFO: [IP_Flow 19-1704] No user IP repositories specified
INFO: [IP_Flow 19-2313] Loaded Vivado IP repository 'D:/FPGA/vivado1/Vivado/2017.4/data/ip'.
create_ip -name dist_mem_gen -vendor xilinx.com -library ip -version 8.0 -module_name dist_mem_gen_0 -dir d:/FPGA/vivadoproject/PL_time/PL_time.srcs/sources_1/ip
set_property -dict [list CONFIG.depth {5024} CONFIG.memory_type {rom} CONFIG.coefficient_file {D:/FPGA/vivadoproject/PL_part/rom_1024.coe}] [get_ips dist_mem_gen_0]
INFO: [IP_Flow 19-3484] Absolute path of file 'd:/FPGA/vivadoproject/PL_part/rom_1024.coe' provided. It will be converted relative to IP Instance files '../../../../../PL_part/rom_1024.coe'
generate_target {instantiation_template} [get_files d:/FPGA/vivadoproject/PL_time/PL_time.srcs/sources_1/ip/dist_mem_gen_0/dist_mem_gen_0.xci]
INFO: [IP_Flow 19-1686] Generating 'Instantiation Template' target for IP 'dist_mem_gen_0'...
generate_target all [get_files  d:/FPGA/vivadoproject/PL_time/PL_time.srcs/sources_1/ip/dist_mem_gen_0/dist_mem_gen_0.xci]
INFO: [IP_Flow 19-1686] Generating 'Synthesis' target for IP 'dist_mem_gen_0'...
INFO: [IP_Flow 19-1686] Generating 'Simulation' target for IP 'dist_mem_gen_0'...
INFO: [IP_Flow 19-1686] Generating 'Change Log' target for IP 'dist_mem_gen_0'...
catch { config_ip_cache -export [get_ips -all dist_mem_gen_0] }
export_ip_user_files -of_objects [get_files d:/FPGA/vivadoproject/PL_time/PL_time.srcs/sources_1/ip/dist_mem_gen_0/dist_mem_gen_0.xci] -no_script -sync -force -quiet
create_ip_run [get_files -of_objects [get_fileset sources_1] d:/FPGA/vivadoproject/PL_time/PL_time.srcs/sources_1/ip/dist_mem_gen_0/dist_mem_gen_0.xci]
launch_runs -jobs 2 dist_mem_gen_0_synth_1
[Wed Nov 20 21:26:26 2019] Launched dist_mem_gen_0_synth_1...
Run output will be captured here: D:/FPGA/vivadoproject/PL_time/PL_time.runs/dist_mem_gen_0_synth_1/runme.log
export_simulation -of_objects [get_files d:/FPGA/vivadoproject/PL_time/PL_time.srcs/sources_1/ip/dist_mem_gen_0/dist_mem_gen_0.xci] -directory D:/FPGA/vivadoproject/PL_time/PL_time.ip_user_files/sim_scripts -ip_user_files_dir D:/FPGA/vivadoproject/PL_time/PL_time.ip_user_files -ipstatic_source_dir D:/FPGA/vivadoproject/PL_time/PL_time.ip_user_files/ipstatic -lib_map_path [list {modelsim=D:/FPGA/vivadoproject/PL_time/PL_time.cache/compile_simlib/modelsim} {questa=D:/FPGA/vivadoproject/PL_time/PL_time.cache/compile_simlib/questa} {riviera=D:/FPGA/vivadoproject/PL_time/PL_time.cache/compile_simlib/riviera} {activehdl=D:/FPGA/vivadoproject/PL_time/PL_time.cache/compile_simlib/activehdl}] -use_ip_compiled_libs -force -quiet
update_compile_order -fileset sources_1
create_ip -name xfft -vendor xilinx.com -library ip -version 9.0 -module_name xfft_0 -dir d:/FPGA/vivadoproject/PL_time/PL_time.srcs/sources_1/ip
create_ip: Time (s): cpu = 00:00:05 ; elapsed = 00:00:06 . Memory (MB): peak = 920.492 ; gain = 32.773
set_property -dict [list CONFIG.transform_length {4096} CONFIG.target_clock_frequency {33} CONFIG.implementation_options {pipelined_streaming_io} CONFIG.scaling_options {unscaled} CONFIG.aresetn {true} CONFIG.xk_index {true} CONFIG.output_ordering {natural_order} CONFIG.number_of_stages_using_block_ram_for_data_and_phase_factors {5}] [get_ips xfft_0]
generate_target {instantiation_template} [get_files d:/FPGA/vivadoproject/PL_time/PL_time.srcs/sources_1/ip/xfft_0/xfft_0.xci]
INFO: [IP_Flow 19-1686] Generating 'Instantiation Template' target for IP 'xfft_0'...
generate_target all [get_files  d:/FPGA/vivadoproject/PL_time/PL_time.srcs/sources_1/ip/xfft_0/xfft_0.xci]
INFO: [IP_Flow 19-1686] Generating 'Synthesis' target for IP 'xfft_0'...
INFO: [IP_Flow 19-1686] Generating 'Simulation' target for IP 'xfft_0'...
INFO: [IP_Flow 19-1686] Generating 'C Simulation' target for IP 'xfft_0'...
INFO: [IP_Flow 19-1686] Generating 'Test Bench' target for IP 'xfft_0'...
INFO: [IP_Flow 19-1686] Generating 'Change Log' target for IP 'xfft_0'...
catch { config_ip_cache -export [get_ips -all xfft_0] }
export_ip_user_files -of_objects [get_files d:/FPGA/vivadoproject/PL_time/PL_time.srcs/sources_1/ip/xfft_0/xfft_0.xci] -no_script -sync -force -quiet
create_ip_run [get_files -of_objects [get_fileset sources_1] d:/FPGA/vivadoproject/PL_time/PL_time.srcs/sources_1/ip/xfft_0/xfft_0.xci]
launch_runs -jobs 2 xfft_0_synth_1
[Wed Nov 20 21:30:19 2019] Launched xfft_0_synth_1...
Run output will be captured here: D:/FPGA/vivadoproject/PL_time/PL_time.runs/xfft_0_synth_1/runme.log
export_simulation -of_objects [get_files d:/FPGA/vivadoproject/PL_time/PL_time.srcs/sources_1/ip/xfft_0/xfft_0.xci] -directory D:/FPGA/vivadoproject/PL_time/PL_time.ip_user_files/sim_scripts -ip_user_files_dir D:/FPGA/vivadoproject/PL_time/PL_time.ip_user_files -ipstatic_source_dir D:/FPGA/vivadoproject/PL_time/PL_time.ip_user_files/ipstatic -lib_map_path [list {modelsim=D:/FPGA/vivadoproject/PL_time/PL_time.cache/compile_simlib/modelsim} {questa=D:/FPGA/vivadoproject/PL_time/PL_time.cache/compile_simlib/questa} {riviera=D:/FPGA/vivadoproject/PL_time/PL_time.cache/compile_simlib/riviera} {activehdl=D:/FPGA/vivadoproject/PL_time/PL_time.cache/compile_simlib/activehdl}] -use_ip_compiled_libs -force -quiet
